<?xml version="1.0" encoding="UTF-8"?>
<testsuite xmlns:xsi="http://www.w3.org/2001/XMLSchema-instance" xsi:noNamespaceSchemaLocation="https://maven.apache.org/surefire/maven-surefire-plugin/xsd/surefire-test-report.xsd" name="unam.ciencias.computoconcurrente.MatrixUtilsTest" time="0.117" tests="4" errors="0" skipped="0" failures="2">
  <properties>
[...]
</properties>
  <testcase name="findaverageConcurrent2" classname="unam.ciencias.computoconcurrente.MatrixUtilsTest" time="0.018"/>
  <testcase name="findAverageConcurrent" classname="unam.ciencias.computoconcurrente.MatrixUtilsTest" time="0.07">
    <failure message="expected: &lt;9.37&gt; but was: &lt;9.375&gt;" type="org.opentest4j.AssertionFailedError"><![CDATA[org.opentest4j.AssertionFailedError: expected: <9.37> but was: <9.375>
	at unam.ciencias.computoconcurrente.MatrixUtilsTest.findAverageConcurrent(MatrixUtilsTest.java:34)
]]></failure>
    <system-out><![CDATA[Participating threads: 2
Thread 0 is working with this matrix:
4 29 -6 0 
15 6 0 4 

Thread 1 is working with this matrix:
25 41 -10 4 
0 0 -1 39 

]]></system-out>
  </testcase>
  <testcase name="findAverage" classname="unam.ciencias.computoconcurrente.MatrixUtilsTest" time="0.015">
    <failure message="expected: &lt;9.37&gt; but was: &lt;9.375&gt;" type="org.opentest4j.AssertionFailedError"><![CDATA[org.opentest4j.AssertionFailedError: expected: <9.37> but was: <9.375>
	at unam.ciencias.computoconcurrente.MatrixUtilsTest.findAverage(MatrixUtilsTest.java:21)
]]></failure>
    <system-out><![CDATA[Participating threads: 1
Thread 0 is working with this matrix:
4 29 -6 0 
15 6 0 4 
25 41 -10 4 
0 0 -1 39 

]]></system-out>
  </testcase>
  <testcase name="findAverage2" classname="unam.ciencias.computoconcurrente.MatrixUtilsTest" time="0.011"/>
</testsuite>